Using pre-set license
Built from '2020.3/staging' branch; Version is '2020.3.20f1 (41c4e627c95f) revision 4310246'; Using compiler version '192528614'; Build Type 'Release'
OS: 'Windows 10 Pro; OS build 19042.1348; Version 2009; 64bit' Language: 'en' Physical Memory: 4013 MB
BatchMode: 1, IsHumanControllingUs: 0, StartBugReporterOnCrash: 0, Is64bit: 1, IsPro: 0

COMMAND LINE ARGUMENTS:
C:\Program Files\Unity\Hub\Editor\2020.3.20f1\Editor\Unity.exe
-adb2
-batchMode
-noUpm
-name
AssetImportWorker3
-projectPath
C:/Users/lrose/OneDrive/Documents/GitHub/Immune_system_game
-logFile
Logs/AssetImportWorker3.log
-srvPort
53169
Successfully changed project path to: C:/Users/lrose/OneDrive/Documents/GitHub/Immune_system_game
C:/Users/lrose/OneDrive/Documents/GitHub/Immune_system_game
Using Asset Import Pipeline V2.
Refreshing native plugins compatible for Editor in 205.03 ms, found 3 plugins.
Preloading 0 native plugins for Editor in 0.00 ms.
Initialize engine version: 2020.3.20f1 (41c4e627c95f)
[Subsystems] Discovering subsystems at path C:/Program Files/Unity/Hub/Editor/2020.3.20f1/Editor/Data/Resources/UnitySubsystems
[Subsystems] Discovering subsystems at path C:/Users/lrose/OneDrive/Documents/GitHub/Immune_system_game/Assets
GfxDevice: creating device client; threaded=0
Direct3D:
    Version:  Direct3D 11.0 [level 11.1]
    Renderer: Intel(R) HD Graphics 620 (ID=0x5916)
    Vendor:   
    VRAM:     2006 MB
    Driver:   27.20.100.8682
Initialize mono
Mono path[0] = 'C:/Program Files/Unity/Hub/Editor/2020.3.20f1/Editor/Data/Managed'
Mono path[1] = 'C:/Program Files/Unity/Hub/Editor/2020.3.20f1/Editor/Data/MonoBleedingEdge/lib/mono/unityjit'
Mono config path = 'C:/Program Files/Unity/Hub/Editor/2020.3.20f1/Editor/Data/MonoBleedingEdge/etc'
Using monoOptions --debugger-agent=transport=dt_socket,embedding=1,server=y,suspend=n,address=127.0.0.1:56228
Begin MonoManager ReloadAssembly
Registering precompiled unity dll's ...
Register platform support module: C:/Program Files/Unity/Hub/Editor/2020.3.20f1/Editor/Data/PlaybackEngines/WindowsStandaloneSupport/UnityEditor.WindowsStandalone.Extensions.dll
Registered in 0.004874 seconds.
Native extension for WindowsStandalone target not found
Refreshing native plugins compatible for Editor in 165.08 ms, found 3 plugins.
Preloading 0 native plugins for Editor in 0.00 ms.
Mono: successfully reloaded assembly
- Completed reload, in  7.822 seconds
Domain Reload Profiling:
	ReloadAssembly (7823ms)
		BeginReloadAssembly (314ms)
			ExecutionOrderSort (0ms)
			DisableScriptedObjects (0ms)
			BackupInstance (0ms)
			ReleaseScriptingObjects (0ms)
			CreateAndSetChildDomain (2ms)
		EndReloadAssembly (1723ms)
			LoadAssemblies (306ms)
			RebuildTransferFunctionScriptingTraits (0ms)
			SetupTypeCache (516ms)
			ReleaseScriptCaches (0ms)
			RebuildScriptCaches (206ms)
			SetupLoadedEditorAssemblies (622ms)
				LogAssemblyErrors (0ms)
				InitializePlatformSupportModulesInManaged (24ms)
				SetLoadedEditorAssemblies (1ms)
				RefreshPlugins (165ms)
				BeforeProcessingInitializeOnLoad (19ms)
				ProcessInitializeOnLoadAttributes (275ms)
				ProcessInitializeOnLoadMethodAttributes (138ms)
				AfterProcessingInitializeOnLoad (0ms)
				EditorAssembliesLoaded (1ms)
			ExecutionOrderSort2 (0ms)
			AwakeInstancesAfterBackupRestoration (0ms)
Platform modules already initialized, skipping
Registering precompiled user dll's ...
Registered in 0.008457 seconds.
Begin MonoManager ReloadAssembly
Native extension for WindowsStandalone target not found
Refreshing native plugins compatible for Editor in 127.29 ms, found 3 plugins.
Preloading 0 native plugins for Editor in 0.00 ms.
Mono: successfully reloaded assembly
- Completed reload, in  5.213 seconds
Domain Reload Profiling:
	ReloadAssembly (5221ms)
		BeginReloadAssembly (573ms)
			ExecutionOrderSort (0ms)
			DisableScriptedObjects (27ms)
			BackupInstance (0ms)
			ReleaseScriptingObjects (0ms)
			CreateAndSetChildDomain (91ms)
		EndReloadAssembly (4408ms)
			LoadAssemblies (526ms)
			RebuildTransferFunctionScriptingTraits (0ms)
			SetupTypeCache (1469ms)
			ReleaseScriptCaches (1ms)
			RebuildScriptCaches (190ms)
			SetupLoadedEditorAssemblies (1404ms)
				LogAssemblyErrors (0ms)
				InitializePlatformSupportModulesInManaged (19ms)
				SetLoadedEditorAssemblies (1ms)
				RefreshPlugins (128ms)
				BeforeProcessingInitializeOnLoad (235ms)
				ProcessInitializeOnLoadAttributes (929ms)
				ProcessInitializeOnLoadMethodAttributes (69ms)
				AfterProcessingInitializeOnLoad (23ms)
				EditorAssembliesLoaded (0ms)
			ExecutionOrderSort2 (0ms)
			AwakeInstancesAfterBackupRestoration (34ms)
Platform modules already initialized, skipping
========================================================================
Worker process is ready to serve import requests
Launched and connected shader compiler UnityShaderCompiler.exe after 0.74 seconds
Refreshing native plugins compatible for Editor in 2.06 ms, found 3 plugins.
Preloading 0 native plugins for Editor in 0.00 ms.
Unloading 2115 Unused Serialized files (Serialized files now loaded: 0)
System memory in use before: 113.3 MB.
System memory in use after: 113.4 MB.

Unloading 25 unused Assets to reduce memory usage. Loaded Objects now: 2578.
Total: 74.360500 ms (FindLiveObjects: 6.808500 ms CreateObjectMapping: 42.704300 ms MarkObjects: 23.620300 ms  DeleteObjects: 1.043100 ms)

AssetImportParameters requested are different than current active one (requested -> active):
  custom:framework-win-MediaFoundation: 216162199b28c13a410421893ffa2e32 -> 
  custom:video-decoder-ogg-theora: a1e56fd34408186e4bbccfd4996cb3dc -> 
  custom:container-muxer-webm: aa71ff27fc2769a1b78a27578f13a17b -> 
  custom:container-demuxer-webm: 4f35f7cbe854078d1ac9338744f61a02 -> 
  custom:container-demuxer-ogg: 62fdf1f143b41e24485cea50d1cbac27 -> 
  custom:video-encoder-webm-vp8: eb34c28f22e8b96e1ab97ce403110664 -> 
  custom:video-decoder-webm-vp8: 9c59270c3fd7afecdb556c50c9e8de78 -> 
  custom:audio-decoder-ogg-vorbis: bf7c407c2cedff20999df2af8eb42d56 -> 
  custom:audio-encoder-webm-vorbis: bf7c407c2cedff20999df2af8eb42d56 -> 
========================================================================
Received Import Request.
  path: Assets/Scripts/GameManagerScript.cs
  artifactKey: Guid(24f5fe8a1091ee141a1fd990b9489f25) Importer(815301076,1909f56bfc062723c751e8b465ee728b)
Start importing Assets/Scripts/GameManagerScript.cs using Guid(24f5fe8a1091ee141a1fd990b9489f25) Importer(815301076,1909f56bfc062723c751e8b465ee728b)  -> (artifact id: '00000000000000000000000000000000') in 0.193991 seconds  code(4) message(Build asset version error: assets/scripts/gamemanagerscript.cs in SourceAssetDB has modification time of '2021-12-06T19:21:49.6350141Z' while content on disk has modification time of '2021-12-07T01:22:30.2239253Z')
  ERROR: Build asset version error: assets/scripts/gamemanagerscript.cs in SourceAssetDB has modification time of '2021-12-06T19:21:49.6350141Z' while content on disk has modification time of '2021-12-07T01:22:30.2239253Z'
  Import took 0.215996 seconds .

========================================================================
Received Import Request.
  Time since last request: 0.002320 seconds.
  path: Assets/Scripts/GameValues.cs
  artifactKey: Guid(ef97fee3fd35c4a1bb89ab6350c89231) Importer(815301076,1909f56bfc062723c751e8b465ee728b)
Start importing Assets/Scripts/GameValues.cs using Guid(ef97fee3fd35c4a1bb89ab6350c89231) Importer(815301076,1909f56bfc062723c751e8b465ee728b)  -> (artifact id: '35c294da1afd7d36bbc495abaf968173') in 0.562631 seconds 
  Import took 0.577486 seconds .

========================================================================
Received Prepare
Registering precompiled user dll's ...
Registered in 0.049797 seconds.
Begin MonoManager ReloadAssembly
Native extension for WindowsStandalone target not found
Refreshing native plugins compatible for Editor in 2.99 ms, found 3 plugins.
Preloading 0 native plugins for Editor in 0.00 ms.
Mono: successfully reloaded assembly
- Completed reload, in  6.138 seconds
Domain Reload Profiling:
	ReloadAssembly (6153ms)
		BeginReloadAssembly (1446ms)
			ExecutionOrderSort (1ms)
			DisableScriptedObjects (204ms)
			BackupInstance (0ms)
			ReleaseScriptingObjects (0ms)
			CreateAndSetChildDomain (631ms)
		EndReloadAssembly (4296ms)
			LoadAssemblies (528ms)
			RebuildTransferFunctionScriptingTraits (2ms)
			SetupTypeCache (1359ms)
			ReleaseScriptCaches (3ms)
			RebuildScriptCaches (182ms)
			SetupLoadedEditorAssemblies (1647ms)
				LogAssemblyErrors (0ms)
				InitializePlatformSupportModulesInManaged (31ms)
				SetLoadedEditorAssemblies (3ms)
				RefreshPlugins (3ms)
				BeforeProcessingInitializeOnLoad (290ms)
				ProcessInitializeOnLoadAttributes (1258ms)
				ProcessInitializeOnLoadMethodAttributes (41ms)
				AfterProcessingInitializeOnLoad (19ms)
				EditorAssembliesLoaded (2ms)
			ExecutionOrderSort2 (0ms)
			AwakeInstancesAfterBackupRestoration (39ms)
Platform modules already initialized, skipping
Refreshing native plugins compatible for Editor in 0.72 ms, found 3 plugins.
Preloading 0 native plugins for Editor in 0.00 ms.
Unloading 2105 Unused Serialized files (Serialized files now loaded: 0)
System memory in use before: 112.8 MB.
System memory in use after: 112.9 MB.

Unloading 14 unused Assets to reduce memory usage. Loaded Objects now: 2581.
Total: 21.616700 ms (FindLiveObjects: 1.015000 ms CreateObjectMapping: 0.283700 ms MarkObjects: 20.246300 ms  DeleteObjects: 0.062700 ms)

AssetImportParameters requested are different than current active one (requested -> active):
  custom:framework-win-MediaFoundation: 216162199b28c13a410421893ffa2e32 -> 
  custom:video-decoder-ogg-theora: a1e56fd34408186e4bbccfd4996cb3dc -> 
  custom:container-muxer-webm: aa71ff27fc2769a1b78a27578f13a17b -> 
  custom:container-demuxer-webm: 4f35f7cbe854078d1ac9338744f61a02 -> 
  custom:container-demuxer-ogg: 62fdf1f143b41e24485cea50d1cbac27 -> 
  custom:video-encoder-webm-vp8: eb34c28f22e8b96e1ab97ce403110664 -> 
  custom:video-decoder-webm-vp8: 9c59270c3fd7afecdb556c50c9e8de78 -> 
  custom:audio-decoder-ogg-vorbis: bf7c407c2cedff20999df2af8eb42d56 -> 
  custom:audio-encoder-webm-vorbis: bf7c407c2cedff20999df2af8eb42d56 -> 
========================================================================
Received Import Request.
  Time since last request: 80.505232 seconds.
  path: Assets/Scripts/GameManagerScript.cs
  artifactKey: Guid(24f5fe8a1091ee141a1fd990b9489f25) Importer(815301076,1909f56bfc062723c751e8b465ee728b)
Start importing Assets/Scripts/GameManagerScript.cs using Guid(24f5fe8a1091ee141a1fd990b9489f25) Importer(815301076,1909f56bfc062723c751e8b465ee728b)  -> (artifact id: '1cc92cc54b28e34646af69fca3a5c172') in 0.291063 seconds 
  Import took 0.345880 seconds .

========================================================================
Received Prepare
Registering precompiled user dll's ...
Registered in 1.517812 seconds.
Begin MonoManager ReloadAssembly
Native extension for WindowsStandalone target not found
Refreshing native plugins compatible for Editor in 76.64 ms, found 3 plugins.
Preloading 0 native plugins for Editor in 0.00 ms.
Mono: successfully reloaded assembly
- Completed reload, in 60.034 seconds
Domain Reload Profiling:
	ReloadAssembly (60064ms)
		BeginReloadAssembly (6210ms)
			ExecutionOrderSort (0ms)
			DisableScriptedObjects (384ms)
			BackupInstance (0ms)
			ReleaseScriptingObjects (2ms)
			CreateAndSetChildDomain (2687ms)
		EndReloadAssembly (49333ms)
			LoadAssemblies (4500ms)
			RebuildTransferFunctionScriptingTraits (0ms)
			SetupTypeCache (18805ms)
			ReleaseScriptCaches (718ms)
			RebuildScriptCaches (1598ms)
			SetupLoadedEditorAssemblies (19917ms)
				LogAssemblyErrors (0ms)
				InitializePlatformSupportModulesInManaged (77ms)
				SetLoadedEditorAssemblies (30ms)
				RefreshPlugins (96ms)
				BeforeProcessingInitializeOnLoad (4291ms)
				ProcessInitializeOnLoadAttributes (14986ms)
				ProcessInitializeOnLoadMethodAttributes (339ms)
				AfterProcessingInitializeOnLoad (96ms)
				EditorAssembliesLoaded (2ms)
			ExecutionOrderSort2 (0ms)
			AwakeInstancesAfterBackupRestoration (931ms)
Platform modules already initialized, skipping
Refreshing native plugins compatible for Editor in 14.88 ms, found 3 plugins.
Preloading 0 native plugins for Editor in 0.00 ms.
Unloading 2105 Unused Serialized files (Serialized files now loaded: 0)
System memory in use before: 112.9 MB.
System memory in use after: 113.0 MB.

Unloading 14 unused Assets to reduce memory usage. Loaded Objects now: 2584.
Total: 141.179500 ms (FindLiveObjects: 10.016400 ms CreateObjectMapping: 0.592700 ms MarkObjects: 130.062200 ms  DeleteObjects: 0.465500 ms)

AssetImportParameters requested are different than current active one (requested -> active):
  custom:framework-win-MediaFoundation: 216162199b28c13a410421893ffa2e32 -> 
  custom:video-decoder-ogg-theora: a1e56fd34408186e4bbccfd4996cb3dc -> 
  custom:container-muxer-webm: aa71ff27fc2769a1b78a27578f13a17b -> 
  custom:container-demuxer-webm: 4f35f7cbe854078d1ac9338744f61a02 -> 
  custom:container-demuxer-ogg: 62fdf1f143b41e24485cea50d1cbac27 -> 
  custom:video-encoder-webm-vp8: eb34c28f22e8b96e1ab97ce403110664 -> 
  custom:video-decoder-webm-vp8: 9c59270c3fd7afecdb556c50c9e8de78 -> 
  custom:audio-decoder-ogg-vorbis: bf7c407c2cedff20999df2af8eb42d56 -> 
  custom:audio-encoder-webm-vorbis: bf7c407c2cedff20999df2af8eb42d56 -> 
========================================================================
Received Import Request.
  Time since last request: 160.609791 seconds.
  path: Assets/Scripts/TutorialScript.cs
  artifactKey: Guid(abd46662c0f1cdc4d886442966fe5120) Importer(815301076,1909f56bfc062723c751e8b465ee728b)
Start importing Assets/Scripts/TutorialScript.cs using Guid(abd46662c0f1cdc4d886442966fe5120) Importer(815301076,1909f56bfc062723c751e8b465ee728b)  -> (artifact id: '0f14330974ac610c8f2d2a4123418ac6') in 2.835583 seconds 
  Import took 2.983414 seconds .

========================================================================
Received Import Request.
  Time since last request: 1.979392 seconds.
  path: Assets/Scripts/ImmuneSystemBehavior.cs
  artifactKey: Guid(9ac7b7c441e6442eeab1cdf957cf5225) Importer(815301076,1909f56bfc062723c751e8b465ee728b)
Start importing Assets/Scripts/ImmuneSystemBehavior.cs using Guid(9ac7b7c441e6442eeab1cdf957cf5225) Importer(815301076,1909f56bfc062723c751e8b465ee728b)  -> (artifact id: '78cd0744ff10e125b98cfb89feac6b56') in 3.854542 seconds 
  Import took 3.940079 seconds .

========================================================================
Received Prepare
Refreshing native plugins compatible for Editor in 24.47 ms, found 3 plugins.
Preloading 0 native plugins for Editor in 0.00 ms.
Unloading 12 Unused Serialized files (Serialized files now loaded: 0)
System memory in use before: 71.5 MB.
System memory in use after: 71.6 MB.

Unloading 12 unused Assets to reduce memory usage. Loaded Objects now: 2584.
Total: 141.919100 ms (FindLiveObjects: 0.726600 ms CreateObjectMapping: 0.129200 ms MarkObjects: 141.022400 ms  DeleteObjects: 0.037700 ms)

AssetImportParameters requested are different than current active one (requested -> active):
  custom:framework-win-MediaFoundation: 216162199b28c13a410421893ffa2e32 -> 
  custom:video-decoder-ogg-theora: a1e56fd34408186e4bbccfd4996cb3dc -> 
  custom:container-muxer-webm: aa71ff27fc2769a1b78a27578f13a17b -> 
  custom:container-demuxer-webm: 4f35f7cbe854078d1ac9338744f61a02 -> 
  custom:container-demuxer-ogg: 62fdf1f143b41e24485cea50d1cbac27 -> 
  custom:video-encoder-webm-vp8: eb34c28f22e8b96e1ab97ce403110664 -> 
  custom:video-decoder-webm-vp8: 9c59270c3fd7afecdb556c50c9e8de78 -> 
  custom:audio-decoder-ogg-vorbis: bf7c407c2cedff20999df2af8eb42d56 -> 
  custom:audio-encoder-webm-vorbis: bf7c407c2cedff20999df2af8eb42d56 -> 
========================================================================
Received Import Request.
  Time since last request: 287.720220 seconds.
  path: Assets/Scenes/GameOver.unity
  artifactKey: Guid(81f8e9edc6cef49ff9befdd02906a369) Importer(815301076,1909f56bfc062723c751e8b465ee728b)
Start importing Assets/Scenes/GameOver.unity using Guid(81f8e9edc6cef49ff9befdd02906a369) Importer(815301076,1909f56bfc062723c751e8b465ee728b)  -> (artifact id: 'a4fc55ee1236508b4d76b9db86f7d64f') in 3.254764 seconds 
  Import took 4.342473 seconds .

========================================================================
Received Import Request.
  Time since last request: 9.759372 seconds.
  path: Assets/Scenes/Win.unity
  artifactKey: Guid(21053266f46f0a54a86c783754adf0c3) Importer(815301076,1909f56bfc062723c751e8b465ee728b)
Start importing Assets/Scenes/Win.unity using Guid(21053266f46f0a54a86c783754adf0c3) Importer(815301076,1909f56bfc062723c751e8b465ee728b)  -> (artifact id: 'c5a1322c0061fc12e74bfff750d2c0d2') in 0.074629 seconds 
  Import took 0.110713 seconds .

========================================================================
Received Prepare
Registering precompiled user dll's ...
Registered in 0.012458 seconds.
Begin MonoManager ReloadAssembly
Native extension for WindowsStandalone target not found
Refreshing native plugins compatible for Editor in 4.79 ms, found 3 plugins.
Preloading 0 native plugins for Editor in 0.00 ms.
Mono: successfully reloaded assembly
- Completed reload, in 16.868 seconds
Domain Reload Profiling:
	ReloadAssembly (16885ms)
		BeginReloadAssembly (4822ms)
			ExecutionOrderSort (0ms)
			DisableScriptedObjects (200ms)
			BackupInstance (0ms)
			ReleaseScriptingObjects (3ms)
			CreateAndSetChildDomain (1570ms)
		EndReloadAssembly (11820ms)
			LoadAssemblies (2861ms)
			RebuildTransferFunctionScriptingTraits (1ms)
			SetupTypeCache (4219ms)
			ReleaseScriptCaches (14ms)
			RebuildScriptCaches (398ms)
			SetupLoadedEditorAssemblies (4294ms)
				LogAssemblyErrors (0ms)
				InitializePlatformSupportModulesInManaged (58ms)
				SetLoadedEditorAssemblies (3ms)
				RefreshPlugins (5ms)
				BeforeProcessingInitializeOnLoad (926ms)
				ProcessInitializeOnLoadAttributes (3117ms)
				ProcessInitializeOnLoadMethodAttributes (56ms)
				AfterProcessingInitializeOnLoad (127ms)
				EditorAssembliesLoaded (1ms)
			ExecutionOrderSort2 (0ms)
			AwakeInstancesAfterBackupRestoration (79ms)
Platform modules already initialized, skipping
Refreshing native plugins compatible for Editor in 1.12 ms, found 3 plugins.
Preloading 0 native plugins for Editor in 0.00 ms.
Unloading 2105 Unused Serialized files (Serialized files now loaded: 0)
System memory in use before: 112.9 MB.
System memory in use after: 113.0 MB.

Unloading 14 unused Assets to reduce memory usage. Loaded Objects now: 2587.
Total: 33.764600 ms (FindLiveObjects: 4.273000 ms CreateObjectMapping: 0.377500 ms MarkObjects: 28.483500 ms  DeleteObjects: 0.621300 ms)

AssetImportParameters requested are different than current active one (requested -> active):
  custom:framework-win-MediaFoundation: 216162199b28c13a410421893ffa2e32 -> 
  custom:video-decoder-ogg-theora: a1e56fd34408186e4bbccfd4996cb3dc -> 
  custom:container-muxer-webm: aa71ff27fc2769a1b78a27578f13a17b -> 
  custom:container-demuxer-webm: 4f35f7cbe854078d1ac9338744f61a02 -> 
  custom:container-demuxer-ogg: 62fdf1f143b41e24485cea50d1cbac27 -> 
  custom:video-encoder-webm-vp8: eb34c28f22e8b96e1ab97ce403110664 -> 
  custom:video-decoder-webm-vp8: 9c59270c3fd7afecdb556c50c9e8de78 -> 
  custom:audio-decoder-ogg-vorbis: bf7c407c2cedff20999df2af8eb42d56 -> 
  custom:audio-encoder-webm-vorbis: bf7c407c2cedff20999df2af8eb42d56 -> 
========================================================================
Received Import Request.
  Time since last request: 130.296637 seconds.
  path: Assets/Scripts/GameManagerScript.cs
  artifactKey: Guid(24f5fe8a1091ee141a1fd990b9489f25) Importer(815301076,1909f56bfc062723c751e8b465ee728b)
Start importing Assets/Scripts/GameManagerScript.cs using Guid(24f5fe8a1091ee141a1fd990b9489f25) Importer(815301076,1909f56bfc062723c751e8b465ee728b)  -> (artifact id: '8b97cb0934ae19fdcc205322c6912852') in 0.038874 seconds 
  Import took 0.060704 seconds .

========================================================================
Received Import Request.
  Time since last request: 0.000765 seconds.
  path: Assets/Scripts/GameOver.cs
  artifactKey: Guid(6bf193ce3ce4c084997b02979b9da73c) Importer(815301076,1909f56bfc062723c751e8b465ee728b)
Start importing Assets/Scripts/GameOver.cs using Guid(6bf193ce3ce4c084997b02979b9da73c) Importer(815301076,1909f56bfc062723c751e8b465ee728b)  -> (artifact id: '2e400ed9e62f99c25b566a0c0ef00bc5') in 0.665532 seconds 
  Import took 0.695756 seconds .

========================================================================
Received Prepare
Refreshing native plugins compatible for Editor in 32.23 ms, found 3 plugins.
Preloading 0 native plugins for Editor in 0.00 ms.
Unloading 12 Unused Serialized files (Serialized files now loaded: 0)
System memory in use before: 71.6 MB.
System memory in use after: 71.7 MB.

Unloading 12 unused Assets to reduce memory usage. Loaded Objects now: 2587.
Total: 95.121600 ms (FindLiveObjects: 2.167500 ms CreateObjectMapping: 0.602800 ms MarkObjects: 92.260300 ms  DeleteObjects: 0.086100 ms)

AssetImportParameters requested are different than current active one (requested -> active):
  custom:framework-win-MediaFoundation: 216162199b28c13a410421893ffa2e32 -> 
  custom:video-decoder-ogg-theora: a1e56fd34408186e4bbccfd4996cb3dc -> 
  custom:container-muxer-webm: aa71ff27fc2769a1b78a27578f13a17b -> 
  custom:container-demuxer-webm: 4f35f7cbe854078d1ac9338744f61a02 -> 
  custom:container-demuxer-ogg: 62fdf1f143b41e24485cea50d1cbac27 -> 
  custom:video-encoder-webm-vp8: eb34c28f22e8b96e1ab97ce403110664 -> 
  custom:video-decoder-webm-vp8: 9c59270c3fd7afecdb556c50c9e8de78 -> 
  custom:audio-decoder-ogg-vorbis: bf7c407c2cedff20999df2af8eb42d56 -> 
  custom:audio-encoder-webm-vorbis: bf7c407c2cedff20999df2af8eb42d56 -> 
========================================================================
Received Prepare
Refreshing native plugins compatible for Editor in 12.91 ms, found 3 plugins.
Preloading 0 native plugins for Editor in 0.00 ms.
Unloading 12 Unused Serialized files (Serialized files now loaded: 0)
System memory in use before: 71.6 MB.
System memory in use after: 71.7 MB.

Unloading 12 unused Assets to reduce memory usage. Loaded Objects now: 2587.
Total: 434.155300 ms (FindLiveObjects: 3.516800 ms CreateObjectMapping: 0.185700 ms MarkObjects: 430.398400 ms  DeleteObjects: 0.050500 ms)

AssetImportParameters requested are different than current active one (requested -> active):
  custom:framework-win-MediaFoundation: 216162199b28c13a410421893ffa2e32 -> 
  custom:video-decoder-ogg-theora: a1e56fd34408186e4bbccfd4996cb3dc -> 
  custom:container-muxer-webm: aa71ff27fc2769a1b78a27578f13a17b -> 
  custom:container-demuxer-webm: 4f35f7cbe854078d1ac9338744f61a02 -> 
  custom:container-demuxer-ogg: 62fdf1f143b41e24485cea50d1cbac27 -> 
  custom:video-encoder-webm-vp8: eb34c28f22e8b96e1ab97ce403110664 -> 
  custom:video-decoder-webm-vp8: 9c59270c3fd7afecdb556c50c9e8de78 -> 
  custom:audio-decoder-ogg-vorbis: bf7c407c2cedff20999df2af8eb42d56 -> 
  custom:audio-encoder-webm-vorbis: bf7c407c2cedff20999df2af8eb42d56 -> 
========================================================================
Received Prepare
Registering precompiled user dll's ...
Registered in 0.015137 seconds.
Begin MonoManager ReloadAssembly
Native extension for WindowsStandalone target not found
Refreshing native plugins compatible for Editor in 1.71 ms, found 3 plugins.
Preloading 0 native plugins for Editor in 0.00 ms.
Mono: successfully reloaded assembly
- Completed reload, in  3.103 seconds
Domain Reload Profiling:
	ReloadAssembly (3138ms)
		BeginReloadAssembly (1311ms)
			ExecutionOrderSort (0ms)
			DisableScriptedObjects (140ms)
			BackupInstance (0ms)
			ReleaseScriptingObjects (6ms)
			CreateAndSetChildDomain (819ms)
		EndReloadAssembly (1648ms)
			LoadAssemblies (351ms)
			RebuildTransferFunctionScriptingTraits (1ms)
			SetupTypeCache (512ms)
			ReleaseScriptCaches (3ms)
			RebuildScriptCaches (86ms)
			SetupLoadedEditorAssemblies (527ms)
				LogAssemblyErrors (0ms)
				InitializePlatformSupportModulesInManaged (13ms)
				SetLoadedEditorAssemblies (2ms)
				RefreshPlugins (2ms)
				BeforeProcessingInitializeOnLoad (109ms)
				ProcessInitializeOnLoadAttributes (378ms)
				ProcessInitializeOnLoadMethodAttributes (11ms)
				AfterProcessingInitializeOnLoad (11ms)
				EditorAssembliesLoaded (1ms)
			ExecutionOrderSort2 (0ms)
			AwakeInstancesAfterBackupRestoration (22ms)
Platform modules already initialized, skipping
Refreshing native plugins compatible for Editor in 0.60 ms, found 3 plugins.
Preloading 0 native plugins for Editor in 0.00 ms.
Unloading 2105 Unused Serialized files (Serialized files now loaded: 0)
System memory in use before: 112.9 MB.
System memory in use after: 113.0 MB.

Unloading 14 unused Assets to reduce memory usage. Loaded Objects now: 2590.
Total: 4.898800 ms (FindLiveObjects: 0.283700 ms CreateObjectMapping: 0.153100 ms MarkObjects: 4.433100 ms  DeleteObjects: 0.026400 ms)

AssetImportParameters requested are different than current active one (requested -> active):
  custom:framework-win-MediaFoundation: 216162199b28c13a410421893ffa2e32 -> 
  custom:video-decoder-ogg-theora: a1e56fd34408186e4bbccfd4996cb3dc -> 
  custom:container-muxer-webm: aa71ff27fc2769a1b78a27578f13a17b -> 
  custom:container-demuxer-webm: 4f35f7cbe854078d1ac9338744f61a02 -> 
  custom:container-demuxer-ogg: 62fdf1f143b41e24485cea50d1cbac27 -> 
  custom:video-encoder-webm-vp8: eb34c28f22e8b96e1ab97ce403110664 -> 
  custom:video-decoder-webm-vp8: 9c59270c3fd7afecdb556c50c9e8de78 -> 
  custom:audio-decoder-ogg-vorbis: bf7c407c2cedff20999df2af8eb42d56 -> 
  custom:audio-encoder-webm-vorbis: bf7c407c2cedff20999df2af8eb42d56 -> 
AssetImportWorkerClient::OnTransportError - code=2 error=End of file
